

*******************************************************************************
Fri Nov 17 15:19:02 2023


FIT:    data read from "parabo.dat"
        format = z
        #datapoints = 101
        residuals are weighted equally (unit weight)

function used for fitting: f(x)
	f(x)=a*x*x +b*x+c
fitted parameters initialized with current variable values

iter      chisq       delta/lim  lambda   a             b             c            
   0 2.2076310416e+09   0.00e+00  2.67e+03    1.000000e+00   1.000000e+00   1.000000e+00
  35 9.5269868707e-27   0.00e+00  2.67e+05    1.277161e-17   1.000000e-02   4.900000e-01

After 35 iterations the fit converged.
final sum of squares of residuals : 9.52699e-27
rel. change during last iteration : 0

degrees of freedom    (FIT_NDF)                        : 98
rms of residuals      (FIT_STDFIT) = sqrt(WSSR/ndf)    : 9.85972e-15
variance of residuals (reduced chisquare) = WSSR/ndf   : 9.72142e-29

Final set of parameters            Asymptotic Standard Error
=======================            ==========================
a               = 1.27716e-17      +/- 1.646e-19    (1.289%)
b               = 0.01             +/- 3.636e-17    (3.636e-13%)
c               = 0.49             +/- 1.985e-15    (4.051e-13%)

correlation matrix of the fit parameters:
                a      b      c      
a               1.000 
b              -0.379  1.000 
c               0.090 -0.834  1.000 


*******************************************************************************
Fri Nov 17 15:33:01 2023


FIT:    data read from "parabo.dat" u ($2*2):3
        format = x:z
        #datapoints = 101
        residuals are weighted equally (unit weight)

function used for fitting: f(x)
	f(x)=a*((x-b)**2) +c
fitted parameters initialized with current variable values

iter      chisq       delta/lim  lambda   a             b             c            
   0 4.2660498939e+25   0.00e+00  6.11e+11    3.606125e+11   1.000000e+00  -1.180000e+00
   5 2.9948191928e-02  -6.28e-04  6.11e+06    3.543578e-02   1.087336e+00  -1.180000e+00

After 5 iterations the fit converged.
final sum of squares of residuals : 0.0299482
rel. change during last iteration : -6.28234e-09

degrees of freedom    (FIT_NDF)                        : 98
rms of residuals      (FIT_STDFIT) = sqrt(WSSR/ndf)    : 0.0174812
variance of residuals (reduced chisquare) = WSSR/ndf   : 0.000305594

Final set of parameters            Asymptotic Standard Error
=======================            ==========================
a               = 0.0354358        +/- 0.005721     (16.14%)
b               = 1.08734          +/- 0.1532       (14.09%)
c               = -1.18            +/- 0.004284     (0.363%)

correlation matrix of the fit parameters:
                a      b      c      
a               1.000 
b               0.962  1.000 
c               0.657  0.806  1.000 


*******************************************************************************
Fri Nov 17 15:33:27 2023


FIT:    data read from "parabo.dat" u ($2*2):3
        format = x:z
        #datapoints = 101
        residuals are weighted equally (unit weight)

function used for fitting: f(x)
	f(x)=a*((x-b)**2) +c
fitted parameters initialized with current variable values

iter      chisq       delta/lim  lambda   a             b             c            
   0 4.2660498939e+25   0.00e+00  6.11e+11    3.606125e+11   1.000000e+00  -1.180000e+00
   5 2.9948191928e-02  -6.28e-04  6.11e+06    3.543578e-02   1.087336e+00  -1.180000e+00

After 5 iterations the fit converged.
final sum of squares of residuals : 0.0299482
rel. change during last iteration : -6.28234e-09

degrees of freedom    (FIT_NDF)                        : 98
rms of residuals      (FIT_STDFIT) = sqrt(WSSR/ndf)    : 0.0174812
variance of residuals (reduced chisquare) = WSSR/ndf   : 0.000305594

Final set of parameters            Asymptotic Standard Error
=======================            ==========================
a               = 0.0354358        +/- 0.005721     (16.14%)
b               = 1.08734          +/- 0.1532       (14.09%)
c               = -1.18            +/- 0.004284     (0.363%)

correlation matrix of the fit parameters:
                a      b      c      
a               1.000 
b               0.962  1.000 
c               0.657  0.806  1.000 


*******************************************************************************
Fri Nov 17 15:34:43 2023


FIT:    data read from "parabo.dat" u ($2*2):3
        format = x:z
        #datapoints = 101
        residuals are weighted equally (unit weight)

function used for fitting: f(x)
	f(x)=a*((x-b)**2) +c
fitted parameters initialized with current variable values

iter      chisq       delta/lim  lambda   a             b             c            
   0 4.2660498939e+25   0.00e+00  6.11e+11    3.606125e+11   1.000000e+00  -1.180000e+00
   5 2.9948191928e-02  -6.28e-04  6.11e+06    3.543578e-02   1.087336e+00  -1.180000e+00

After 5 iterations the fit converged.
final sum of squares of residuals : 0.0299482
rel. change during last iteration : -6.28234e-09

degrees of freedom    (FIT_NDF)                        : 98
rms of residuals      (FIT_STDFIT) = sqrt(WSSR/ndf)    : 0.0174812
variance of residuals (reduced chisquare) = WSSR/ndf   : 0.000305594

Final set of parameters            Asymptotic Standard Error
=======================            ==========================
a               = 0.0354358        +/- 0.005721     (16.14%)
b               = 1.08734          +/- 0.1532       (14.09%)
c               = -1.18            +/- 0.004284     (0.363%)

correlation matrix of the fit parameters:
                a      b      c      
a               1.000 
b               0.962  1.000 
c               0.657  0.806  1.000 


*******************************************************************************
Fri Nov 17 15:36:35 2023


FIT:    data read from "parabo.dat" u ($2*2):3
        format = x:z
        #datapoints = 101
        residuals are weighted equally (unit weight)

function used for fitting: f(x)
	f(x)=a*((x-b)**2) +c
fitted parameters initialized with current variable values

iter      chisq       delta/lim  lambda   a             b             c            
   0 6.8256798303e+58   0.00e+00  2.44e+28    1.442450e+28   1.000000e+00  -1.180000e+00
BREAK: Singular matrix in Invert_RtR

*******************************************************************************
Fri Nov 17 15:37:03 2023


FIT:    data read from "parabo.dat" u ($2*2):3
        format = x:z
        #datapoints = 101
        residuals are weighted equally (unit weight)

function used for fitting: f(x)
	f(x)=a*((x-b)**2) +c
fitted parameters initialized with current variable values

iter      chisq       delta/lim  lambda   a             b             c            
   0 3.5964504031e-01   0.00e+00  6.81e-01    9.015312e-06   1.000000e+00  -1.180000e+00
1844 4.2400289596e-02  -3.12e-01  6.81e-05    1.784776e-03  -1.160739e+01  -1.463926e+00

After 1844 iterations the fit converged.
final sum of squares of residuals : 0.0424003
rel. change during last iteration : -3.11917e-06

degrees of freedom    (FIT_NDF)                        : 98
rms of residuals      (FIT_STDFIT) = sqrt(WSSR/ndf)    : 0.0208004
variance of residuals (reduced chisquare) = WSSR/ndf   : 0.000432656

Final set of parameters            Asymptotic Standard Error
=======================            ==========================
a               = 0.00178478       +/- 0.006807     (381.4%)
b               = -11.6074         +/- 51.91        (447.2%)
c               = -1.46393         +/- 1.26         (86.07%)

correlation matrix of the fit parameters:
                a      b      c      
a               1.000 
b               1.000  1.000 
c               0.999  1.000  1.000 


*******************************************************************************
Fri Nov 17 15:37:45 2023


FIT:    data read from "parabo.dat" u ($2*2):3
        format = x:z
        #datapoints = 101
        residuals are weighted equally (unit weight)

function used for fitting: f(x)
	f(x)=a*((x-b)**2) +c
fitted parameters initialized with current variable values

iter      chisq       delta/lim  lambda   a             b             c            
   0 3.0758552764e+02   0.00e+00  1.83e+00    1.000000e+00   1.000000e+00  -1.180000e+00
   5 1.1575721649e-02  -9.47e-06  1.83e-05    5.914665e-02   1.588166e+00  -1.161999e+00

After 5 iterations the fit converged.
final sum of squares of residuals : 0.0115757
rel. change during last iteration : -9.4688e-11

degrees of freedom    (FIT_NDF)                        : 98
rms of residuals      (FIT_STDFIT) = sqrt(WSSR/ndf)    : 0.0108683
variance of residuals (reduced chisquare) = WSSR/ndf   : 0.00011812

Final set of parameters            Asymptotic Standard Error
=======================            ==========================
a               = 0.0591466        +/- 0.003557     (6.013%)
b               = 1.58817          +/- 0.02931      (1.846%)
c               = -1.162           +/- 0.001456     (0.1253%)

correlation matrix of the fit parameters:
                a      b      c      
a               1.000 
b               0.845  1.000 
c              -0.418 -0.073  1.000 


*******************************************************************************
Fri Nov 17 15:38:58 2023


FIT:    data read from "parabo.dat" u ($2*2):3
        format = x:z
        #datapoints = 71
        residuals are weighted equally (unit weight)

function used for fitting: f(x)
	f(x)=a*((x-b)**2) +c
fitted parameters initialized with current variable values

iter      chisq       delta/lim  lambda   a             b             c            
   0 5.2147520809e+01   0.00e+00  1.27e+00    1.000000e+00   1.000000e+00  -1.180000e+00
   5 3.4829408413e-03  -7.86e-03  1.27e-05    1.190587e-01   1.625967e+00  -1.171837e+00

After 5 iterations the fit converged.
final sum of squares of residuals : 0.00348294
rel. change during last iteration : -7.86486e-08

degrees of freedom    (FIT_NDF)                        : 68
rms of residuals      (FIT_STDFIT) = sqrt(WSSR/ndf)    : 0.0071568
variance of residuals (reduced chisquare) = WSSR/ndf   : 5.12197e-05

Final set of parameters            Asymptotic Standard Error
=======================            ==========================
a               = 0.119059         +/- 0.005654     (4.749%)
b               = 1.62597          +/- 0.009386     (0.5772%)
c               = -1.17184         +/- 0.001261     (0.1076%)

correlation matrix of the fit parameters:
                a      b      c      
a               1.000 
b               0.375  1.000 
c              -0.729 -0.162  1.000 


*******************************************************************************
Fri Nov 17 15:39:40 2023


FIT:    data read from "parabo.dat" u ($2*2):3
        format = x:z
        #datapoints = 51
        residuals are weighted equally (unit weight)

function used for fitting: f(x)
	f(x)=a*((x-b)**2) +c
fitted parameters initialized with current variable values

iter      chisq       delta/lim  lambda   a             b             c            
   0 9.9443488081e+00   0.00e+00  9.90e-01    1.000000e+00   1.000000e+00  -1.180000e+00
   6 9.0166645236e-04  -1.56e-10  9.90e-04    1.950811e-01   1.565418e+00  -1.177198e+00

After 6 iterations the fit converged.
final sum of squares of residuals : 0.000901666
rel. change during last iteration : -1.56318e-15

degrees of freedom    (FIT_NDF)                        : 48
rms of residuals      (FIT_STDFIT) = sqrt(WSSR/ndf)    : 0.00433413
variance of residuals (reduced chisquare) = WSSR/ndf   : 1.87847e-05

Final set of parameters            Asymptotic Standard Error
=======================            ==========================
a               = 0.195081         +/- 0.007834     (4.016%)
b               = 1.56542          +/- 0.005901     (0.3769%)
c               = -1.1772          +/- 0.0008958    (0.0761%)

correlation matrix of the fit parameters:
                a      b      c      
a               1.000 
b              -0.445  1.000 
c              -0.720  0.184  1.000 


*******************************************************************************
Fri Nov 17 15:39:57 2023


FIT:    data read from "parabo.dat" u ($2*2):3
        format = x:z
        #datapoints = 41
        residuals are weighted equally (unit weight)

function used for fitting: f(x)
	f(x)=a*((x-b)**2) +c
fitted parameters initialized with current variable values

iter      chisq       delta/lim  lambda   a             b             c            
   0 9.9231346060e+00   0.00e+00  1.05e+00    1.000000e+00   1.000000e+00  -1.180000e+00
   6 8.9875827799e-05  -2.09e-07  1.05e-06    1.309276e-01   1.529320e+00  -1.174431e+00

After 6 iterations the fit converged.
final sum of squares of residuals : 8.98758e-05
rel. change during last iteration : -2.08922e-12

degrees of freedom    (FIT_NDF)                        : 38
rms of residuals      (FIT_STDFIT) = sqrt(WSSR/ndf)    : 0.00153791
variance of residuals (reduced chisquare) = WSSR/ndf   : 2.36515e-06

Final set of parameters            Asymptotic Standard Error
=======================            ==========================
a               = 0.130928         +/- 0.004799     (3.666%)
b               = 1.52932          +/- 0.004662     (0.3049%)
c               = -1.17443         +/- 0.0003506    (0.02985%)

correlation matrix of the fit parameters:
                a      b      c      
a               1.000 
b               0.556  1.000 
c              -0.700 -0.221  1.000 


*******************************************************************************
Fri Nov 17 15:40:39 2023


FIT:    data read from "parabo.dat" u ($2*2):3
        format = x:z
        #datapoints = 21
        residuals are weighted equally (unit weight)

function used for fitting: f(x)
	f(x)=a*((x-b)**2) +c
fitted parameters initialized with current variable values

iter      chisq       delta/lim  lambda   a             b             c            
   0 7.9414430230e-01   0.00e+00  8.43e-01    1.000000e+00   1.000000e+00  -1.180000e+00
   6 2.4452224340e-06  -2.68e-01  8.43e-07    2.301484e-01   1.486321e+00  -1.175871e+00

After 6 iterations the fit converged.
final sum of squares of residuals : 2.44522e-06
rel. change during last iteration : -2.68238e-06

degrees of freedom    (FIT_NDF)                        : 18
rms of residuals      (FIT_STDFIT) = sqrt(WSSR/ndf)    : 0.000368573
variance of residuals (reduced chisquare) = WSSR/ndf   : 1.35846e-07

Final set of parameters            Asymptotic Standard Error
=======================            ==========================
a               = 0.230148         +/- 0.006152     (2.673%)
b               = 1.48632          +/- 0.002721     (0.1831%)
c               = -1.17587         +/- 0.0001082    (0.009204%)

correlation matrix of the fit parameters:
                a      b      c      
a               1.000 
b              -0.848  1.000 
c              -0.403  0.058  1.000 
